2024-07-10 10:39:34 -Using deprecated '-debug' fallback for parameter name resolution. Compile the affected code with '-parameters' instead or avoid its introspection: cn.geelato.web.platform.boot.ShiroConfiguration
2024-07-10 10:39:34 -Using deprecated '-debug' fallback for parameter name resolution. Compile the affected code with '-parameters' instead or avoid its introspection: cn.geelato.core.aop.MethodAOPConfig
2024-07-10 10:39:34 -Using deprecated '-debug' fallback for parameter name resolution. Compile the affected code with '-parameters' instead or avoid its introspection: cn.geelato.core.aop.MethodAOPConfig
2024-07-10 10:39:34 -Using deprecated '-debug' fallback for parameter name resolution. Compile the affected code with '-parameters' instead or avoid its introspection: cn.geelato.web.platform.boot.DataSourceConfiguration
2024-07-10 10:39:35 -Cache 'null' is set to eternal but also has TTI/TTL set.  To avoid this warning, clean up the config removing conflicting values of eternal, TTI and TTL. Effective configuration for Cache 'null' will be eternal='true', timeToIdleSeconds='0', timeToLiveSeconds='0'.
2024-07-10 10:39:35 -Cache with name 'cn.geelato.web.platform.m.security.service.ShiroDbRealm.authorizationCache' does not yet exist.  Creating now.
2024-07-10 10:39:35 -Added EhCache named [cn.geelato.web.platform.m.security.service.ShiroDbRealm.authorizationCache]
2024-07-10 10:39:37 -Failed to read ehcache3.defaultHeapSize = null , use default 1000
2024-07-10 10:39:39 -Cache with name 'cn.geelato.web.platform.m.security.service.ShiroDbRealm.authorizationCache.1' does not yet exist.  Creating now.
2024-07-10 10:39:39 -Added EhCache named [cn.geelato.web.platform.m.security.service.ShiroDbRealm.authorizationCache.1]
2024-07-10 10:41:14 -Starting QuickStartApplication using Java 19.0.2 with PID 4100 (D:\geelato-community\geelato-web-quickstart\target\classes started by 39139 in D:\geelato-community)
2024-07-10 10:41:14 -No active profile set, falling back to 1 default profile: "default"
2024-07-10 10:41:16 -Multiple Spring Data modules found, entering strict repository configuration mode
2024-07-10 10:41:16 -Bootstrapping Spring Data Redis repositories in DEFAULT mode.
2024-07-10 10:41:16 -Finished Spring Data repository scanning in 28 ms. Found 0 Redis repository interfaces.
2024-07-10 10:41:16 -Bean 'shiroConfiguration' of type [cn.geelato.web.platform.boot.ShiroConfiguration$$SpringCGLIB$$0] is not eligible for getting processed by all BeanPostProcessors (for example: not eligible for auto-proxying)
2024-07-10 10:41:16 -Using deprecated '-debug' fallback for parameter name resolution. Compile the affected code with '-parameters' instead or avoid its introspection: cn.geelato.web.platform.boot.ShiroConfiguration
2024-07-10 10:41:16 -Using deprecated '-debug' fallback for parameter name resolution. Compile the affected code with '-parameters' instead or avoid its introspection: cn.geelato.core.aop.MethodAOPConfig
2024-07-10 10:41:16 -Using deprecated '-debug' fallback for parameter name resolution. Compile the affected code with '-parameters' instead or avoid its introspection: cn.geelato.core.aop.MethodAOPConfig
2024-07-10 10:41:16 -Bean 'dataSourceConfiguration' of type [cn.geelato.web.platform.boot.DataSourceConfiguration$$SpringCGLIB$$0] is not eligible for getting processed by all BeanPostProcessors (for example: not eligible for auto-proxying)
2024-07-10 10:41:16 -Using deprecated '-debug' fallback for parameter name resolution. Compile the affected code with '-parameters' instead or avoid its introspection: cn.geelato.web.platform.boot.DataSourceConfiguration
2024-07-10 10:41:16 -Bean 'primaryDataSource' of type [com.zaxxer.hikari.HikariDataSource] is not eligible for getting processed by all BeanPostProcessors (for example: not eligible for auto-proxying)
2024-07-10 10:41:16 -Bean 'primaryJdbcTemplate' of type [org.springframework.jdbc.core.JdbcTemplate] is not eligible for getting processed by all BeanPostProcessors (for example: not eligible for auto-proxying)
2024-07-10 10:41:16 -MetaManager Instancing...
2024-07-10 10:41:16 -parse meta from class :cn.geelato.core.meta.model.field.ColumnMeta
2024-07-10 10:41:16 -parse meta from class :cn.geelato.core.meta.model.entity.TableMeta
2024-07-10 10:41:16 -SqlManager Instancing...
2024-07-10 10:41:16 -Bean 'primaryDao' of type [cn.geelato.core.orm.Dao] is not eligible for getting processed by all BeanPostProcessors (for example: not eligible for auto-proxying)
2024-07-10 10:41:16 -Bean 'shiroDbRealm' of type [cn.geelato.web.platform.m.security.service.ShiroDbRealm] is not eligible for getting processed by all BeanPostProcessors (for example: not eligible for auto-proxying)
2024-07-10 10:41:17 -Cache 'null' is set to eternal but also has TTI/TTL set.  To avoid this warning, clean up the config removing conflicting values of eternal, TTI and TTL. Effective configuration for Cache 'null' will be eternal='true', timeToIdleSeconds='0', timeToLiveSeconds='0'.
2024-07-10 10:41:17 -Bean 'getEhCacheManager' of type [org.apache.shiro.cache.ehcache.EhCacheManager] is not eligible for getting processed by all BeanPostProcessors (for example: not eligible for auto-proxying)
2024-07-10 10:41:17 -Cache with name 'cn.geelato.web.platform.m.security.service.ShiroDbRealm.authorizationCache' does not yet exist.  Creating now.
2024-07-10 10:41:17 -Added EhCache named [cn.geelato.web.platform.m.security.service.ShiroDbRealm.authorizationCache]
2024-07-10 10:41:17 -Bean 'securityManager' of type [org.apache.shiro.web.mgt.DefaultWebSecurityManager] is not eligible for getting processed by all BeanPostProcessors (for example: not eligible for auto-proxying)
2024-07-10 10:41:17 -Bean 'getAuthorizationAttributeSourceAdvisor' of type [org.apache.shiro.spring.security.interceptor.AuthorizationAttributeSourceAdvisor] is not eligible for getting processed by all BeanPostProcessors (for example: not eligible for auto-proxying)
2024-07-10 10:41:17 -Tomcat initialized with port(s): 8080 (http)
2024-07-10 10:41:17 -Initializing ProtocolHandler ["http-nio-8080"]
2024-07-10 10:41:17 -Starting service [Tomcat]
2024-07-10 10:41:17 -Starting Servlet engine: [Apache Tomcat/10.1.1]
2024-07-10 10:41:17 -Initializing Spring embedded WebApplicationContext
2024-07-10 10:41:17 -Root WebApplicationContext: initialization completed in 2980 ms
2024-07-10 10:41:17 -DataSourceManager Instancing...
2024-07-10 10:41:17 -DataSourceManager Instancing...
2024-07-10 10:41:17 -HikariPool-1 - Starting...
2024-07-10 10:41:18 -HikariPool-1 - Added connection com.mysql.cj.jdbc.ConnectionImpl@732d078d
2024-07-10 10:41:18 -HikariPool-1 - Start completed.
2024-07-10 10:41:18 -HikariPool-2 - Starting...
2024-07-10 10:41:18 -HikariPool-2 - Added connection com.mysql.cj.jdbc.ConnectionImpl@eb1d475
2024-07-10 10:41:18 -HikariPool-2 - Start completed.
2024-07-10 10:41:18 -HikariPool-3 - Starting...
2024-07-10 10:41:18 -HikariPool-3 - Added connection com.mysql.cj.jdbc.ConnectionImpl@713e7d9a
2024-07-10 10:41:18 -HikariPool-3 - Start completed.
2024-07-10 10:41:18 -HikariPool-4 - Starting...
2024-07-10 10:41:19 -HikariPool-4 - Added connection com.mysql.cj.jdbc.ConnectionImpl@39f93225
2024-07-10 10:41:19 -HikariPool-4 - Start completed.
2024-07-10 10:41:19 -Using Serializer -> [fst:net.oschina.j2cache.util.FSTSerializer]
2024-07-10 10:41:19 -Failed to read ehcache3.defaultHeapSize = null , use default 1000
2024-07-10 10:41:19 -Loading Ehcache XML configuration from /D:/geelato-community/geelato-web-quickstart/target/classes/ehcache3.xml.
2024-07-10 10:41:19 -Allocating 100.0MB in chunks
2024-07-10 10:41:19 -Cache 'default' created in EhcacheManager.
2024-07-10 10:41:19 -Using L1 CacheProvider : net.oschina.j2cache.ehcache.EhCacheProvider3
2024-07-10 10:41:19 -Redis client starts with mode(single),db(0),storage(generic),namespace(),time(15ms)
2024-07-10 10:41:19 -Using L2 CacheProvider : net.oschina.j2cache.redis.RedisCacheProvider
2024-07-10 10:41:19 -Connected to redis channel:j2cache, time 94 ms.
2024-07-10 10:41:19 -Using cluster policy : net.oschina.j2cache.redis.RedisPubSubClusterPolicy
2024-07-10 10:41:20 -GraalManager Instancing...
2024-07-10 10:41:21 -Cache with name 'cn.geelato.web.platform.m.security.service.ShiroDbRealm.authorizationCache.1' does not yet exist.  Creating now.
2024-07-10 10:41:21 -Added EhCache named [cn.geelato.web.platform.m.security.service.ShiroDbRealm.authorizationCache.1]
2024-07-10 10:41:23 -Starting ProtocolHandler ["http-nio-8080"]
2024-07-10 10:41:23 -Tomcat started on port(s): 8080 (http) with context path ''
2024-07-10 10:41:23 -Started QuickStartApplication in 9.25 seconds (process running for 10.993)
2024-07-10 10:41:23 -QuickStartApplication>run
2024-07-10 10:41:25 -[start args]：
2024-07-10 10:41:25 -[configuration file]：null
2024-07-10 10:41:25 -[start application]...start
2024-07-10 10:41:25 -[operate system]Windows 11
2024-07-10 10:41:25 -parse meta from class :cn.geelato.web.platform.m.base.entity.App
2024-07-10 10:41:25 -parse meta from class :cn.geelato.web.platform.m.base.entity.AppConnectMap
2024-07-10 10:41:25 -parse meta from class :cn.geelato.web.platform.m.base.entity.AppPage
2024-07-10 10:41:25 -parse meta from class :cn.geelato.web.platform.m.base.entity.AppTableMap
2024-07-10 10:41:25 -parse meta from class :cn.geelato.web.platform.m.base.entity.AppViewMap
2024-07-10 10:41:25 -parse meta from class :cn.geelato.web.platform.m.base.entity.Attach
2024-07-10 10:41:25 -parse meta from class :cn.geelato.web.platform.m.base.entity.CacheItemMeta
2024-07-10 10:41:25 -parse meta from class :cn.geelato.web.platform.m.base.entity.Dict
2024-07-10 10:41:25 -parse meta from class :cn.geelato.web.platform.m.base.entity.DictItem
2024-07-10 10:41:25 -parse meta from class :cn.geelato.web.platform.m.base.entity.FileInfo
2024-07-10 10:41:25 -parse meta from class :cn.geelato.web.platform.m.base.entity.Resources
2024-07-10 10:41:25 -parse meta from class :cn.geelato.web.platform.m.base.entity.SysConfig
2024-07-10 10:41:25 -parse meta from class :cn.geelato.web.platform.m.base.entity.TreeNode
2024-07-10 10:41:25 -parse meta from class :cn.geelato.web.platform.m.designer.entity.AppSegmentTemplate
2024-07-10 10:41:25 -parse meta from class :cn.geelato.web.platform.m.designer.entity.ComponentMeta
2024-07-10 10:41:25 -parse meta from class :cn.geelato.web.platform.m.excel.entity.ExportTemplate
2024-07-10 10:41:25 -parse meta from class :cn.geelato.web.platform.m.security.entity.Encoding
2024-07-10 10:41:25 -parse meta from class :cn.geelato.web.platform.m.security.entity.EncodingLog
2024-07-10 10:41:25 -parse meta from class :cn.geelato.web.platform.m.security.entity.Org
2024-07-10 10:41:25 -parse meta from class :cn.geelato.web.platform.m.security.entity.OrgUserMap
2024-07-10 10:41:25 -parse meta from class :cn.geelato.web.platform.m.security.entity.Permission
2024-07-10 10:41:25 -parse meta from class :cn.geelato.web.platform.m.security.entity.Role
2024-07-10 10:41:25 -parse meta from class :cn.geelato.web.platform.m.security.entity.RoleAppMap
2024-07-10 10:41:25 -parse meta from class :cn.geelato.web.platform.m.security.entity.RolePermissionMap
2024-07-10 10:41:25 -parse meta from class :cn.geelato.web.platform.m.security.entity.RoleTreeNodeMap
2024-07-10 10:41:25 -parse meta from class :cn.geelato.web.platform.m.security.entity.RoleUserMap
2024-07-10 10:41:25 -parse meta from class :cn.geelato.web.platform.m.security.entity.User
2024-07-10 10:41:25 -parse meta from class :cn.geelato.web.platform.m.settings.entity.Area
2024-07-10 10:41:25 -parse meta from class :cn.geelato.web.platform.m.settings.entity.MenuItem
2024-07-10 10:41:25 -parse meta from class :cn.geelato.web.platform.m.settings.entity.Message
2024-07-10 10:41:25 -parse meta from class :cn.geelato.web.platform.script.entty.Api
2024-07-10 10:41:25 -parse meta from class :cn.geelato.core.meta.model.connect.ConnectMeta
2024-07-10 10:41:25 -parse meta from class :cn.geelato.core.meta.model.entity.DemoEntity
2024-07-10 10:41:25 -parse meta from class :cn.geelato.core.meta.model.entity.DemoSubEntity
2024-07-10 10:41:25 -parse meta from class :cn.geelato.core.meta.model.entity.TableForeign
2024-07-10 10:41:25 -parse meta from class :cn.geelato.core.meta.model.entity.TableMeta
2024-07-10 10:41:25 -parse meta from class :cn.geelato.core.meta.model.field.ColumnMeta
2024-07-10 10:41:25 -parse meta from class :cn.geelato.core.meta.model.view.TableView
2024-07-10 10:41:25 -parse meta data in database...
2024-07-10 10:41:38 -开始从包cn.geelato中扫描到包含注解interface cn.geelato.core.graal.GraalService的实体......
2024-07-10 10:41:38 -开始从包cn.geelato中扫描到包含注解interface cn.geelato.core.graal.GraalVariable的实体......
2024-07-10 10:41:38 -EnvManager Instancing...
2024-07-10 10:41:38 -[start application]...finish
2024-07-10 10:45:30 -HikariPool-1 - Shutdown initiated...
2024-07-10 10:45:30 -HikariPool-1 - Shutdown completed.
2024-07-10 10:45:38 -Starting QuickStartApplication using Java 19.0.2 with PID 39256 (D:\geelato-community\geelato-web-quickstart\target\classes started by 39139 in D:\geelato-community)
2024-07-10 10:45:38 -No active profile set, falling back to 1 default profile: "default"
2024-07-10 10:45:39 -Multiple Spring Data modules found, entering strict repository configuration mode
2024-07-10 10:45:39 -Bootstrapping Spring Data Redis repositories in DEFAULT mode.
2024-07-10 10:45:39 -Finished Spring Data repository scanning in 25 ms. Found 0 Redis repository interfaces.
2024-07-10 10:45:39 -Bean 'shiroConfiguration' of type [cn.geelato.web.platform.boot.ShiroConfiguration$$SpringCGLIB$$0] is not eligible for getting processed by all BeanPostProcessors (for example: not eligible for auto-proxying)
2024-07-10 10:45:39 -Using deprecated '-debug' fallback for parameter name resolution. Compile the affected code with '-parameters' instead or avoid its introspection: cn.geelato.web.platform.boot.ShiroConfiguration
2024-07-10 10:45:39 -Using deprecated '-debug' fallback for parameter name resolution. Compile the affected code with '-parameters' instead or avoid its introspection: cn.geelato.core.aop.MethodAOPConfig
2024-07-10 10:45:39 -Using deprecated '-debug' fallback for parameter name resolution. Compile the affected code with '-parameters' instead or avoid its introspection: cn.geelato.core.aop.MethodAOPConfig
2024-07-10 10:45:39 -Bean 'dataSourceConfiguration' of type [cn.geelato.web.platform.boot.DataSourceConfiguration$$SpringCGLIB$$0] is not eligible for getting processed by all BeanPostProcessors (for example: not eligible for auto-proxying)
2024-07-10 10:45:39 -Using deprecated '-debug' fallback for parameter name resolution. Compile the affected code with '-parameters' instead or avoid its introspection: cn.geelato.web.platform.boot.DataSourceConfiguration
2024-07-10 10:45:39 -Bean 'primaryDataSource' of type [com.zaxxer.hikari.HikariDataSource] is not eligible for getting processed by all BeanPostProcessors (for example: not eligible for auto-proxying)
2024-07-10 10:45:39 -Bean 'primaryJdbcTemplate' of type [org.springframework.jdbc.core.JdbcTemplate] is not eligible for getting processed by all BeanPostProcessors (for example: not eligible for auto-proxying)
2024-07-10 10:45:40 -MetaManager Instancing...
2024-07-10 10:45:40 -parse meta from class :cn.geelato.core.meta.model.field.ColumnMeta
2024-07-10 10:45:40 -parse meta from class :cn.geelato.core.meta.model.entity.TableMeta
2024-07-10 10:45:40 -SqlManager Instancing...
2024-07-10 10:45:40 -Bean 'primaryDao' of type [cn.geelato.core.orm.Dao] is not eligible for getting processed by all BeanPostProcessors (for example: not eligible for auto-proxying)
2024-07-10 10:45:40 -Bean 'shiroDbRealm' of type [cn.geelato.web.platform.m.security.service.ShiroDbRealm] is not eligible for getting processed by all BeanPostProcessors (for example: not eligible for auto-proxying)
2024-07-10 10:45:40 -Cache 'null' is set to eternal but also has TTI/TTL set.  To avoid this warning, clean up the config removing conflicting values of eternal, TTI and TTL. Effective configuration for Cache 'null' will be eternal='true', timeToIdleSeconds='0', timeToLiveSeconds='0'.
2024-07-10 10:45:40 -Bean 'getEhCacheManager' of type [org.apache.shiro.cache.ehcache.EhCacheManager] is not eligible for getting processed by all BeanPostProcessors (for example: not eligible for auto-proxying)
2024-07-10 10:45:40 -Cache with name 'cn.geelato.web.platform.m.security.service.ShiroDbRealm.authorizationCache' does not yet exist.  Creating now.
2024-07-10 10:45:40 -Added EhCache named [cn.geelato.web.platform.m.security.service.ShiroDbRealm.authorizationCache]
2024-07-10 10:45:40 -Bean 'securityManager' of type [org.apache.shiro.web.mgt.DefaultWebSecurityManager] is not eligible for getting processed by all BeanPostProcessors (for example: not eligible for auto-proxying)
2024-07-10 10:45:40 -Bean 'getAuthorizationAttributeSourceAdvisor' of type [org.apache.shiro.spring.security.interceptor.AuthorizationAttributeSourceAdvisor] is not eligible for getting processed by all BeanPostProcessors (for example: not eligible for auto-proxying)
2024-07-10 10:45:40 -Tomcat initialized with port(s): 8080 (http)
2024-07-10 10:45:40 -Initializing ProtocolHandler ["http-nio-8080"]
2024-07-10 10:45:40 -Starting service [Tomcat]
2024-07-10 10:45:40 -Starting Servlet engine: [Apache Tomcat/10.1.1]
2024-07-10 10:45:41 -Initializing Spring embedded WebApplicationContext
2024-07-10 10:45:41 -Root WebApplicationContext: initialization completed in 2970 ms
2024-07-10 10:45:41 -DataSourceManager Instancing...
2024-07-10 10:45:41 -Exception encountered during context initialization - cancelling refresh attempt: org.springframework.beans.factory.BeanCreationException: Error creating bean with name 'metaConfiguration' defined in file [D:\geelato-community\geelato-web-platform\target\classes\cn\geelato\web\platform\boot\MetaConfiguration.class]: Failed to instantiate [cn.geelato.web.platform.boot.MetaConfiguration$$SpringCGLIB$$0]: Constructor threw exception
2024-07-10 10:45:41 -Stopping service [Tomcat]
2024-07-10 10:45:41 -

Error starting ApplicationContext. To display the condition evaluation report re-run your application with 'debug' enabled.
2024-07-10 10:45:41 -Application run failed
org.springframework.beans.factory.BeanCreationException: Error creating bean with name 'metaConfiguration' defined in file [D:\geelato-community\geelato-web-platform\target\classes\cn\geelato\web\platform\boot\MetaConfiguration.class]: Failed to instantiate [cn.geelato.web.platform.boot.MetaConfiguration$$SpringCGLIB$$0]: Constructor threw exception
	at org.springframework.beans.factory.support.AbstractAutowireCapableBeanFactory.instantiateBean(AbstractAutowireCapableBeanFactory.java:1306)
	at org.springframework.beans.factory.support.AbstractAutowireCapableBeanFactory.createBeanInstance(AbstractAutowireCapableBeanFactory.java:1198)
	at org.springframework.beans.factory.support.AbstractAutowireCapableBeanFactory.doCreateBean(AbstractAutowireCapableBeanFactory.java:561)
	at org.springframework.beans.factory.support.AbstractAutowireCapableBeanFactory.createBean(AbstractAutowireCapableBeanFactory.java:521)
	at org.springframework.beans.factory.support.AbstractBeanFactory.lambda$doGetBean$0(AbstractBeanFactory.java:326)
	at org.springframework.beans.factory.support.DefaultSingletonBeanRegistry.getSingleton(DefaultSingletonBeanRegistry.java:234)
	at org.springframework.beans.factory.support.AbstractBeanFactory.doGetBean(AbstractBeanFactory.java:324)
	at org.springframework.beans.factory.support.AbstractBeanFactory.getBean(AbstractBeanFactory.java:200)
	at org.springframework.beans.factory.support.DefaultListableBeanFactory.preInstantiateSingletons(DefaultListableBeanFactory.java:961)
	at org.springframework.context.support.AbstractApplicationContext.finishBeanFactoryInitialization(AbstractApplicationContext.java:915)
	at org.springframework.context.support.AbstractApplicationContext.refresh(AbstractApplicationContext.java:584)
	at org.springframework.boot.web.servlet.context.ServletWebServerApplicationContext.refresh(ServletWebServerApplicationContext.java:146)
	at org.springframework.boot.SpringApplication.refresh(SpringApplication.java:730)
	at org.springframework.boot.SpringApplication.refreshContext(SpringApplication.java:432)
	at org.springframework.boot.SpringApplication.run(SpringApplication.java:308)
	at org.springframework.boot.SpringApplication.run(SpringApplication.java:1302)
	at org.springframework.boot.SpringApplication.run(SpringApplication.java:1291)
	at cn.geelato.web.quickstart.QuickStartApplication.main(QuickStartApplication.java:24)
Caused by: org.springframework.beans.BeanInstantiationException: Failed to instantiate [cn.geelato.web.platform.boot.MetaConfiguration$$SpringCGLIB$$0]: Constructor threw exception
	at org.springframework.beans.BeanUtils.instantiateClass(BeanUtils.java:223)
	at org.springframework.beans.factory.support.SimpleInstantiationStrategy.instantiate(SimpleInstantiationStrategy.java:87)
	at org.springframework.beans.factory.support.AbstractAutowireCapableBeanFactory.instantiateBean(AbstractAutowireCapableBeanFactory.java:1300)
	... 17 common frames omitted
Caused by: java.lang.NullPointerException: Cannot invoke "org.springframework.context.ApplicationContext.getEnvironment()" because "this.applicationContext" is null
	at cn.geelato.web.platform.boot.MetaConfiguration.getProperty(MetaConfiguration.java:24)
	at cn.geelato.web.platform.boot.MetaConfiguration.initClassPackageMeta(MetaConfiguration.java:17)
	at cn.geelato.web.platform.boot.MetaConfiguration.<init>(MetaConfiguration.java:13)
	at cn.geelato.web.platform.boot.MetaConfiguration$$SpringCGLIB$$0.<init>(<generated>)
	at java.base/jdk.internal.reflect.DirectConstructorHandleAccessor.newInstance(DirectConstructorHandleAccessor.java:67)
	at java.base/java.lang.reflect.Constructor.newInstanceWithCaller(Constructor.java:500)
	at java.base/java.lang.reflect.Constructor.newInstance(Constructor.java:484)
	at org.springframework.beans.BeanUtils.instantiateClass(BeanUtils.java:197)
	... 19 common frames omitted
2024-07-10 10:49:31 -Starting QuickStartApplication using Java 19.0.2 with PID 41752 (D:\geelato-community\geelato-web-quickstart\target\classes started by 39139 in D:\geelato-community)
2024-07-10 10:49:31 -No active profile set, falling back to 1 default profile: "default"
2024-07-10 10:49:32 -Multiple Spring Data modules found, entering strict repository configuration mode
2024-07-10 10:49:32 -Bootstrapping Spring Data Redis repositories in DEFAULT mode.
2024-07-10 10:49:32 -Finished Spring Data repository scanning in 14 ms. Found 0 Redis repository interfaces.
2024-07-10 10:49:33 -Bean 'shiroConfiguration' of type [cn.geelato.web.platform.boot.ShiroConfiguration$$SpringCGLIB$$0] is not eligible for getting processed by all BeanPostProcessors (for example: not eligible for auto-proxying)
2024-07-10 10:49:33 -Using deprecated '-debug' fallback for parameter name resolution. Compile the affected code with '-parameters' instead or avoid its introspection: cn.geelato.web.platform.boot.ShiroConfiguration
2024-07-10 10:49:33 -Using deprecated '-debug' fallback for parameter name resolution. Compile the affected code with '-parameters' instead or avoid its introspection: cn.geelato.core.aop.MethodAOPConfig
2024-07-10 10:49:33 -Using deprecated '-debug' fallback for parameter name resolution. Compile the affected code with '-parameters' instead or avoid its introspection: cn.geelato.core.aop.MethodAOPConfig
2024-07-10 10:49:33 -Bean 'dataSourceConfiguration' of type [cn.geelato.web.platform.boot.DataSourceConfiguration$$SpringCGLIB$$0] is not eligible for getting processed by all BeanPostProcessors (for example: not eligible for auto-proxying)
2024-07-10 10:49:33 -Using deprecated '-debug' fallback for parameter name resolution. Compile the affected code with '-parameters' instead or avoid its introspection: cn.geelato.web.platform.boot.DataSourceConfiguration
2024-07-10 10:49:33 -Bean 'primaryDataSource' of type [com.zaxxer.hikari.HikariDataSource] is not eligible for getting processed by all BeanPostProcessors (for example: not eligible for auto-proxying)
2024-07-10 10:49:33 -Bean 'primaryJdbcTemplate' of type [org.springframework.jdbc.core.JdbcTemplate] is not eligible for getting processed by all BeanPostProcessors (for example: not eligible for auto-proxying)
2024-07-10 10:49:33 -MetaManager Instancing...
2024-07-10 10:49:33 -parse meta from class :cn.geelato.core.meta.model.field.ColumnMeta
2024-07-10 10:49:33 -parse meta from class :cn.geelato.core.meta.model.entity.TableMeta
2024-07-10 10:49:33 -SqlManager Instancing...
2024-07-10 10:49:33 -Bean 'primaryDao' of type [cn.geelato.core.orm.Dao] is not eligible for getting processed by all BeanPostProcessors (for example: not eligible for auto-proxying)
2024-07-10 10:49:33 -Bean 'shiroDbRealm' of type [cn.geelato.web.platform.m.security.service.ShiroDbRealm] is not eligible for getting processed by all BeanPostProcessors (for example: not eligible for auto-proxying)
2024-07-10 10:49:33 -Cache 'null' is set to eternal but also has TTI/TTL set.  To avoid this warning, clean up the config removing conflicting values of eternal, TTI and TTL. Effective configuration for Cache 'null' will be eternal='true', timeToIdleSeconds='0', timeToLiveSeconds='0'.
2024-07-10 10:49:33 -Bean 'getEhCacheManager' of type [org.apache.shiro.cache.ehcache.EhCacheManager] is not eligible for getting processed by all BeanPostProcessors (for example: not eligible for auto-proxying)
2024-07-10 10:49:33 -Cache with name 'cn.geelato.web.platform.m.security.service.ShiroDbRealm.authorizationCache' does not yet exist.  Creating now.
2024-07-10 10:49:33 -Added EhCache named [cn.geelato.web.platform.m.security.service.ShiroDbRealm.authorizationCache]
2024-07-10 10:49:33 -Bean 'securityManager' of type [org.apache.shiro.web.mgt.DefaultWebSecurityManager] is not eligible for getting processed by all BeanPostProcessors (for example: not eligible for auto-proxying)
2024-07-10 10:49:34 -Bean 'getAuthorizationAttributeSourceAdvisor' of type [org.apache.shiro.spring.security.interceptor.AuthorizationAttributeSourceAdvisor] is not eligible for getting processed by all BeanPostProcessors (for example: not eligible for auto-proxying)
2024-07-10 10:49:34 -Tomcat initialized with port(s): 8080 (http)
2024-07-10 10:49:34 -Initializing ProtocolHandler ["http-nio-8080"]
2024-07-10 10:49:34 -Starting service [Tomcat]
2024-07-10 10:49:34 -Starting Servlet engine: [Apache Tomcat/10.1.1]
2024-07-10 10:49:34 -Initializing Spring embedded WebApplicationContext
2024-07-10 10:49:34 -Root WebApplicationContext: initialization completed in 3195 ms
2024-07-10 10:49:34 -DataSourceManager Instancing...
2024-07-10 10:49:34 -Exception encountered during context initialization - cancelling refresh attempt: org.springframework.beans.factory.BeanCreationException: Error creating bean with name 'metaConfiguration' defined in file [D:\geelato-community\geelato-web-platform\target\classes\cn\geelato\web\platform\boot\MetaConfiguration.class]: Failed to instantiate [cn.geelato.web.platform.boot.MetaConfiguration$$SpringCGLIB$$0]: Constructor threw exception
2024-07-10 10:49:34 -Stopping service [Tomcat]
2024-07-10 10:49:34 -

Error starting ApplicationContext. To display the condition evaluation report re-run your application with 'debug' enabled.
2024-07-10 10:49:34 -Application run failed
org.springframework.beans.factory.BeanCreationException: Error creating bean with name 'metaConfiguration' defined in file [D:\geelato-community\geelato-web-platform\target\classes\cn\geelato\web\platform\boot\MetaConfiguration.class]: Failed to instantiate [cn.geelato.web.platform.boot.MetaConfiguration$$SpringCGLIB$$0]: Constructor threw exception
	at org.springframework.beans.factory.support.AbstractAutowireCapableBeanFactory.instantiateBean(AbstractAutowireCapableBeanFactory.java:1306)
	at org.springframework.beans.factory.support.AbstractAutowireCapableBeanFactory.createBeanInstance(AbstractAutowireCapableBeanFactory.java:1198)
	at org.springframework.beans.factory.support.AbstractAutowireCapableBeanFactory.doCreateBean(AbstractAutowireCapableBeanFactory.java:561)
	at org.springframework.beans.factory.support.AbstractAutowireCapableBeanFactory.createBean(AbstractAutowireCapableBeanFactory.java:521)
	at org.springframework.beans.factory.support.AbstractBeanFactory.lambda$doGetBean$0(AbstractBeanFactory.java:326)
	at org.springframework.beans.factory.support.DefaultSingletonBeanRegistry.getSingleton(DefaultSingletonBeanRegistry.java:234)
	at org.springframework.beans.factory.support.AbstractBeanFactory.doGetBean(AbstractBeanFactory.java:324)
	at org.springframework.beans.factory.support.AbstractBeanFactory.getBean(AbstractBeanFactory.java:200)
	at org.springframework.beans.factory.support.DefaultListableBeanFactory.preInstantiateSingletons(DefaultListableBeanFactory.java:961)
	at org.springframework.context.support.AbstractApplicationContext.finishBeanFactoryInitialization(AbstractApplicationContext.java:915)
	at org.springframework.context.support.AbstractApplicationContext.refresh(AbstractApplicationContext.java:584)
	at org.springframework.boot.web.servlet.context.ServletWebServerApplicationContext.refresh(ServletWebServerApplicationContext.java:146)
	at org.springframework.boot.SpringApplication.refresh(SpringApplication.java:730)
	at org.springframework.boot.SpringApplication.refreshContext(SpringApplication.java:432)
	at org.springframework.boot.SpringApplication.run(SpringApplication.java:308)
	at org.springframework.boot.SpringApplication.run(SpringApplication.java:1302)
	at org.springframework.boot.SpringApplication.run(SpringApplication.java:1291)
	at cn.geelato.web.quickstart.QuickStartApplication.main(QuickStartApplication.java:24)
Caused by: org.springframework.beans.BeanInstantiationException: Failed to instantiate [cn.geelato.web.platform.boot.MetaConfiguration$$SpringCGLIB$$0]: Constructor threw exception
	at org.springframework.beans.BeanUtils.instantiateClass(BeanUtils.java:223)
	at org.springframework.beans.factory.support.SimpleInstantiationStrategy.instantiate(SimpleInstantiationStrategy.java:87)
	at org.springframework.beans.factory.support.AbstractAutowireCapableBeanFactory.instantiateBean(AbstractAutowireCapableBeanFactory.java:1300)
	... 17 common frames omitted
Caused by: java.lang.NullPointerException: Cannot invoke "org.springframework.context.ApplicationContext.getEnvironment()" because "this.applicationContext" is null
	at cn.geelato.web.platform.boot.MetaConfiguration.getProperty(MetaConfiguration.java:26)
	at cn.geelato.web.platform.boot.MetaConfiguration.initClassPackageMeta(MetaConfiguration.java:19)
	at cn.geelato.web.platform.boot.MetaConfiguration.<init>(MetaConfiguration.java:15)
	at cn.geelato.web.platform.boot.MetaConfiguration$$SpringCGLIB$$0.<init>(<generated>)
	at java.base/jdk.internal.reflect.DirectConstructorHandleAccessor.newInstance(DirectConstructorHandleAccessor.java:67)
	at java.base/java.lang.reflect.Constructor.newInstanceWithCaller(Constructor.java:500)
	at java.base/java.lang.reflect.Constructor.newInstance(Constructor.java:484)
	at org.springframework.beans.BeanUtils.instantiateClass(BeanUtils.java:197)
	... 19 common frames omitted
2024-07-10 10:49:43 -Starting QuickStartApplication using Java 19.0.2 with PID 52180 (D:\geelato-community\geelato-web-quickstart\target\classes started by 39139 in D:\geelato-community)
2024-07-10 10:49:43 -No active profile set, falling back to 1 default profile: "default"
2024-07-10 10:49:45 -Multiple Spring Data modules found, entering strict repository configuration mode
2024-07-10 10:49:45 -Bootstrapping Spring Data Redis repositories in DEFAULT mode.
2024-07-10 10:49:45 -Finished Spring Data repository scanning in 26 ms. Found 0 Redis repository interfaces.
2024-07-10 10:49:45 -Bean 'shiroConfiguration' of type [cn.geelato.web.platform.boot.ShiroConfiguration$$SpringCGLIB$$0] is not eligible for getting processed by all BeanPostProcessors (for example: not eligible for auto-proxying)
2024-07-10 10:49:45 -Using deprecated '-debug' fallback for parameter name resolution. Compile the affected code with '-parameters' instead or avoid its introspection: cn.geelato.web.platform.boot.ShiroConfiguration
2024-07-10 10:49:45 -Using deprecated '-debug' fallback for parameter name resolution. Compile the affected code with '-parameters' instead or avoid its introspection: cn.geelato.core.aop.MethodAOPConfig
2024-07-10 10:49:45 -Using deprecated '-debug' fallback for parameter name resolution. Compile the affected code with '-parameters' instead or avoid its introspection: cn.geelato.core.aop.MethodAOPConfig
2024-07-10 10:49:45 -Bean 'dataSourceConfiguration' of type [cn.geelato.web.platform.boot.DataSourceConfiguration$$SpringCGLIB$$0] is not eligible for getting processed by all BeanPostProcessors (for example: not eligible for auto-proxying)
2024-07-10 10:49:45 -Using deprecated '-debug' fallback for parameter name resolution. Compile the affected code with '-parameters' instead or avoid its introspection: cn.geelato.web.platform.boot.DataSourceConfiguration
2024-07-10 10:49:45 -Bean 'primaryDataSource' of type [com.zaxxer.hikari.HikariDataSource] is not eligible for getting processed by all BeanPostProcessors (for example: not eligible for auto-proxying)
2024-07-10 10:49:45 -Bean 'primaryJdbcTemplate' of type [org.springframework.jdbc.core.JdbcTemplate] is not eligible for getting processed by all BeanPostProcessors (for example: not eligible for auto-proxying)
2024-07-10 10:49:45 -MetaManager Instancing...
2024-07-10 10:49:45 -parse meta from class :cn.geelato.core.meta.model.field.ColumnMeta
2024-07-10 10:49:45 -parse meta from class :cn.geelato.core.meta.model.entity.TableMeta
2024-07-10 10:49:45 -SqlManager Instancing...
2024-07-10 10:49:45 -Bean 'primaryDao' of type [cn.geelato.core.orm.Dao] is not eligible for getting processed by all BeanPostProcessors (for example: not eligible for auto-proxying)
2024-07-10 10:49:45 -Bean 'shiroDbRealm' of type [cn.geelato.web.platform.m.security.service.ShiroDbRealm] is not eligible for getting processed by all BeanPostProcessors (for example: not eligible for auto-proxying)
2024-07-10 10:49:46 -Cache 'null' is set to eternal but also has TTI/TTL set.  To avoid this warning, clean up the config removing conflicting values of eternal, TTI and TTL. Effective configuration for Cache 'null' will be eternal='true', timeToIdleSeconds='0', timeToLiveSeconds='0'.
2024-07-10 10:49:46 -Bean 'getEhCacheManager' of type [org.apache.shiro.cache.ehcache.EhCacheManager] is not eligible for getting processed by all BeanPostProcessors (for example: not eligible for auto-proxying)
2024-07-10 10:49:46 -Cache with name 'cn.geelato.web.platform.m.security.service.ShiroDbRealm.authorizationCache' does not yet exist.  Creating now.
2024-07-10 10:49:46 -Added EhCache named [cn.geelato.web.platform.m.security.service.ShiroDbRealm.authorizationCache]
2024-07-10 10:49:46 -Bean 'securityManager' of type [org.apache.shiro.web.mgt.DefaultWebSecurityManager] is not eligible for getting processed by all BeanPostProcessors (for example: not eligible for auto-proxying)
2024-07-10 10:49:46 -Bean 'getAuthorizationAttributeSourceAdvisor' of type [org.apache.shiro.spring.security.interceptor.AuthorizationAttributeSourceAdvisor] is not eligible for getting processed by all BeanPostProcessors (for example: not eligible for auto-proxying)
2024-07-10 10:49:46 -Tomcat initialized with port(s): 8080 (http)
2024-07-10 10:49:46 -Initializing ProtocolHandler ["http-nio-8080"]
2024-07-10 10:49:46 -Starting service [Tomcat]
2024-07-10 10:49:46 -Starting Servlet engine: [Apache Tomcat/10.1.1]
2024-07-10 10:49:46 -Initializing Spring embedded WebApplicationContext
2024-07-10 10:49:46 -Root WebApplicationContext: initialization completed in 3010 ms
2024-07-10 10:49:46 -DataSourceManager Instancing...
2024-07-10 10:49:46 -Exception encountered during context initialization - cancelling refresh attempt: org.springframework.beans.factory.BeanCreationException: Error creating bean with name 'metaConfiguration' defined in file [D:\geelato-community\geelato-web-platform\target\classes\cn\geelato\web\platform\boot\MetaConfiguration.class]: Failed to instantiate [cn.geelato.web.platform.boot.MetaConfiguration$$SpringCGLIB$$0]: Constructor threw exception
2024-07-10 10:49:46 -Stopping service [Tomcat]
2024-07-10 10:49:46 -

Error starting ApplicationContext. To display the condition evaluation report re-run your application with 'debug' enabled.
2024-07-10 10:49:46 -Application run failed
org.springframework.beans.factory.BeanCreationException: Error creating bean with name 'metaConfiguration' defined in file [D:\geelato-community\geelato-web-platform\target\classes\cn\geelato\web\platform\boot\MetaConfiguration.class]: Failed to instantiate [cn.geelato.web.platform.boot.MetaConfiguration$$SpringCGLIB$$0]: Constructor threw exception
	at org.springframework.beans.factory.support.AbstractAutowireCapableBeanFactory.instantiateBean(AbstractAutowireCapableBeanFactory.java:1306)
	at org.springframework.beans.factory.support.AbstractAutowireCapableBeanFactory.createBeanInstance(AbstractAutowireCapableBeanFactory.java:1198)
	at org.springframework.beans.factory.support.AbstractAutowireCapableBeanFactory.doCreateBean(AbstractAutowireCapableBeanFactory.java:561)
	at org.springframework.beans.factory.support.AbstractAutowireCapableBeanFactory.createBean(AbstractAutowireCapableBeanFactory.java:521)
	at org.springframework.beans.factory.support.AbstractBeanFactory.lambda$doGetBean$0(AbstractBeanFactory.java:326)
	at org.springframework.beans.factory.support.DefaultSingletonBeanRegistry.getSingleton(DefaultSingletonBeanRegistry.java:234)
	at org.springframework.beans.factory.support.AbstractBeanFactory.doGetBean(AbstractBeanFactory.java:324)
	at org.springframework.beans.factory.support.AbstractBeanFactory.getBean(AbstractBeanFactory.java:200)
	at org.springframework.beans.factory.support.DefaultListableBeanFactory.preInstantiateSingletons(DefaultListableBeanFactory.java:961)
	at org.springframework.context.support.AbstractApplicationContext.finishBeanFactoryInitialization(AbstractApplicationContext.java:915)
	at org.springframework.context.support.AbstractApplicationContext.refresh(AbstractApplicationContext.java:584)
	at org.springframework.boot.web.servlet.context.ServletWebServerApplicationContext.refresh(ServletWebServerApplicationContext.java:146)
	at org.springframework.boot.SpringApplication.refresh(SpringApplication.java:730)
	at org.springframework.boot.SpringApplication.refreshContext(SpringApplication.java:432)
	at org.springframework.boot.SpringApplication.run(SpringApplication.java:308)
	at org.springframework.boot.SpringApplication.run(SpringApplication.java:1302)
	at org.springframework.boot.SpringApplication.run(SpringApplication.java:1291)
	at cn.geelato.web.quickstart.QuickStartApplication.main(QuickStartApplication.java:24)
Caused by: org.springframework.beans.BeanInstantiationException: Failed to instantiate [cn.geelato.web.platform.boot.MetaConfiguration$$SpringCGLIB$$0]: Constructor threw exception
	at org.springframework.beans.BeanUtils.instantiateClass(BeanUtils.java:223)
	at org.springframework.beans.factory.support.SimpleInstantiationStrategy.instantiate(SimpleInstantiationStrategy.java:87)
	at org.springframework.beans.factory.support.AbstractAutowireCapableBeanFactory.instantiateBean(AbstractAutowireCapableBeanFactory.java:1300)
	... 17 common frames omitted
Caused by: java.lang.NullPointerException: Cannot invoke "org.springframework.context.ApplicationContext.getEnvironment()" because "this.applicationContext" is null
	at cn.geelato.web.platform.boot.MetaConfiguration.getProperty(MetaConfiguration.java:26)
	at cn.geelato.web.platform.boot.MetaConfiguration.initClassPackageMeta(MetaConfiguration.java:19)
	at cn.geelato.web.platform.boot.MetaConfiguration.<init>(MetaConfiguration.java:15)
	at cn.geelato.web.platform.boot.MetaConfiguration$$SpringCGLIB$$0.<init>(<generated>)
	at java.base/jdk.internal.reflect.DirectConstructorHandleAccessor.newInstance(DirectConstructorHandleAccessor.java:67)
	at java.base/java.lang.reflect.Constructor.newInstanceWithCaller(Constructor.java:500)
	at java.base/java.lang.reflect.Constructor.newInstance(Constructor.java:484)
	at org.springframework.beans.BeanUtils.instantiateClass(BeanUtils.java:197)
	... 19 common frames omitted
2024-07-10 10:50:29 -Starting QuickStartApplication using Java 19.0.2 with PID 25324 (D:\geelato-community\geelato-web-quickstart\target\classes started by 39139 in D:\geelato-community)
2024-07-10 10:50:29 -No active profile set, falling back to 1 default profile: "default"
2024-07-10 10:50:30 -Multiple Spring Data modules found, entering strict repository configuration mode
2024-07-10 10:50:30 -Bootstrapping Spring Data Redis repositories in DEFAULT mode.
2024-07-10 10:50:30 -Finished Spring Data repository scanning in 15 ms. Found 0 Redis repository interfaces.
2024-07-10 10:50:31 -Bean 'shiroConfiguration' of type [cn.geelato.web.platform.boot.ShiroConfiguration$$SpringCGLIB$$0] is not eligible for getting processed by all BeanPostProcessors (for example: not eligible for auto-proxying)
2024-07-10 10:50:31 -Using deprecated '-debug' fallback for parameter name resolution. Compile the affected code with '-parameters' instead or avoid its introspection: cn.geelato.web.platform.boot.ShiroConfiguration
2024-07-10 10:50:31 -Using deprecated '-debug' fallback for parameter name resolution. Compile the affected code with '-parameters' instead or avoid its introspection: cn.geelato.core.aop.MethodAOPConfig
2024-07-10 10:50:31 -Using deprecated '-debug' fallback for parameter name resolution. Compile the affected code with '-parameters' instead or avoid its introspection: cn.geelato.core.aop.MethodAOPConfig
2024-07-10 10:50:31 -Bean 'dataSourceConfiguration' of type [cn.geelato.web.platform.boot.DataSourceConfiguration$$SpringCGLIB$$0] is not eligible for getting processed by all BeanPostProcessors (for example: not eligible for auto-proxying)
2024-07-10 10:50:31 -Using deprecated '-debug' fallback for parameter name resolution. Compile the affected code with '-parameters' instead or avoid its introspection: cn.geelato.web.platform.boot.DataSourceConfiguration
2024-07-10 10:50:31 -Bean 'primaryDataSource' of type [com.zaxxer.hikari.HikariDataSource] is not eligible for getting processed by all BeanPostProcessors (for example: not eligible for auto-proxying)
2024-07-10 10:50:31 -Bean 'primaryJdbcTemplate' of type [org.springframework.jdbc.core.JdbcTemplate] is not eligible for getting processed by all BeanPostProcessors (for example: not eligible for auto-proxying)
2024-07-10 10:50:31 -MetaManager Instancing...
2024-07-10 10:50:31 -parse meta from class :cn.geelato.core.meta.model.field.ColumnMeta
2024-07-10 10:50:31 -parse meta from class :cn.geelato.core.meta.model.entity.TableMeta
2024-07-10 10:50:31 -SqlManager Instancing...
2024-07-10 10:50:31 -Bean 'primaryDao' of type [cn.geelato.core.orm.Dao] is not eligible for getting processed by all BeanPostProcessors (for example: not eligible for auto-proxying)
2024-07-10 10:50:31 -Bean 'shiroDbRealm' of type [cn.geelato.web.platform.m.security.service.ShiroDbRealm] is not eligible for getting processed by all BeanPostProcessors (for example: not eligible for auto-proxying)
2024-07-10 10:50:31 -Cache 'null' is set to eternal but also has TTI/TTL set.  To avoid this warning, clean up the config removing conflicting values of eternal, TTI and TTL. Effective configuration for Cache 'null' will be eternal='true', timeToIdleSeconds='0', timeToLiveSeconds='0'.
2024-07-10 10:50:31 -Bean 'getEhCacheManager' of type [org.apache.shiro.cache.ehcache.EhCacheManager] is not eligible for getting processed by all BeanPostProcessors (for example: not eligible for auto-proxying)
2024-07-10 10:50:31 -Cache with name 'cn.geelato.web.platform.m.security.service.ShiroDbRealm.authorizationCache' does not yet exist.  Creating now.
2024-07-10 10:50:31 -Added EhCache named [cn.geelato.web.platform.m.security.service.ShiroDbRealm.authorizationCache]
2024-07-10 10:50:31 -Bean 'securityManager' of type [org.apache.shiro.web.mgt.DefaultWebSecurityManager] is not eligible for getting processed by all BeanPostProcessors (for example: not eligible for auto-proxying)
2024-07-10 10:50:31 -Bean 'getAuthorizationAttributeSourceAdvisor' of type [org.apache.shiro.spring.security.interceptor.AuthorizationAttributeSourceAdvisor] is not eligible for getting processed by all BeanPostProcessors (for example: not eligible for auto-proxying)
2024-07-10 10:50:32 -Tomcat initialized with port(s): 8080 (http)
2024-07-10 10:50:32 -Initializing ProtocolHandler ["http-nio-8080"]
2024-07-10 10:50:32 -Starting service [Tomcat]
2024-07-10 10:50:32 -Starting Servlet engine: [Apache Tomcat/10.1.1]
2024-07-10 10:50:32 -Initializing Spring embedded WebApplicationContext
2024-07-10 10:50:32 -Root WebApplicationContext: initialization completed in 2871 ms
2024-07-10 10:50:32 -DataSourceManager Instancing...
2024-07-10 10:50:33 -parse meta from class :cn.geelato.web.platform.m.base.entity.App
2024-07-10 10:50:33 -parse meta from class :cn.geelato.web.platform.m.base.entity.AppConnectMap
2024-07-10 10:50:33 -parse meta from class :cn.geelato.web.platform.m.base.entity.AppPage
2024-07-10 10:50:33 -parse meta from class :cn.geelato.web.platform.m.base.entity.AppTableMap
2024-07-10 10:50:33 -parse meta from class :cn.geelato.web.platform.m.base.entity.AppViewMap
2024-07-10 10:50:33 -parse meta from class :cn.geelato.web.platform.m.base.entity.Attach
2024-07-10 10:50:33 -parse meta from class :cn.geelato.web.platform.m.base.entity.CacheItemMeta
2024-07-10 10:50:33 -parse meta from class :cn.geelato.web.platform.m.base.entity.Dict
2024-07-10 10:50:33 -parse meta from class :cn.geelato.web.platform.m.base.entity.DictItem
2024-07-10 10:50:33 -parse meta from class :cn.geelato.web.platform.m.base.entity.FileInfo
2024-07-10 10:50:33 -parse meta from class :cn.geelato.web.platform.m.base.entity.Resources
2024-07-10 10:50:33 -parse meta from class :cn.geelato.web.platform.m.base.entity.SysConfig
2024-07-10 10:50:33 -parse meta from class :cn.geelato.web.platform.m.base.entity.TreeNode
2024-07-10 10:50:33 -parse meta from class :cn.geelato.web.platform.m.designer.entity.AppSegmentTemplate
2024-07-10 10:50:33 -parse meta from class :cn.geelato.web.platform.m.designer.entity.ComponentMeta
2024-07-10 10:50:33 -parse meta from class :cn.geelato.web.platform.m.excel.entity.ExportTemplate
2024-07-10 10:50:33 -parse meta from class :cn.geelato.web.platform.m.security.entity.Encoding
2024-07-10 10:50:33 -parse meta from class :cn.geelato.web.platform.m.security.entity.EncodingLog
2024-07-10 10:50:33 -parse meta from class :cn.geelato.web.platform.m.security.entity.Org
2024-07-10 10:50:33 -parse meta from class :cn.geelato.web.platform.m.security.entity.OrgUserMap
2024-07-10 10:50:33 -parse meta from class :cn.geelato.web.platform.m.security.entity.Permission
2024-07-10 10:50:33 -parse meta from class :cn.geelato.web.platform.m.security.entity.Role
2024-07-10 10:50:33 -parse meta from class :cn.geelato.web.platform.m.security.entity.RoleAppMap
2024-07-10 10:50:33 -parse meta from class :cn.geelato.web.platform.m.security.entity.RolePermissionMap
2024-07-10 10:50:33 -parse meta from class :cn.geelato.web.platform.m.security.entity.RoleTreeNodeMap
2024-07-10 10:50:33 -parse meta from class :cn.geelato.web.platform.m.security.entity.RoleUserMap
2024-07-10 10:50:33 -parse meta from class :cn.geelato.web.platform.m.security.entity.User
2024-07-10 10:50:33 -parse meta from class :cn.geelato.web.platform.m.settings.entity.Area
2024-07-10 10:50:33 -parse meta from class :cn.geelato.web.platform.m.settings.entity.MenuItem
2024-07-10 10:50:33 -parse meta from class :cn.geelato.web.platform.m.settings.entity.Message
2024-07-10 10:50:33 -parse meta from class :cn.geelato.web.platform.script.entty.Api
2024-07-10 10:50:33 -parse meta from class :cn.geelato.core.meta.model.connect.ConnectMeta
2024-07-10 10:50:33 -parse meta from class :cn.geelato.core.meta.model.entity.DemoEntity
2024-07-10 10:50:33 -parse meta from class :cn.geelato.core.meta.model.entity.DemoSubEntity
2024-07-10 10:50:33 -parse meta from class :cn.geelato.core.meta.model.entity.TableForeign
2024-07-10 10:50:33 -parse meta from class :cn.geelato.core.meta.model.entity.TableMeta
2024-07-10 10:50:33 -parse meta from class :cn.geelato.core.meta.model.field.ColumnMeta
2024-07-10 10:50:33 -parse meta from class :cn.geelato.core.meta.model.view.TableView
2024-07-10 10:50:33 -DataSourceManager Instancing...
2024-07-10 10:50:33 -HikariPool-1 - Starting...
2024-07-10 10:50:33 -HikariPool-1 - Added connection com.mysql.cj.jdbc.ConnectionImpl@1fa18f87
2024-07-10 10:50:33 -HikariPool-1 - Start completed.
2024-07-10 10:50:33 -HikariPool-2 - Starting...
2024-07-10 10:50:33 -HikariPool-2 - Added connection com.mysql.cj.jdbc.ConnectionImpl@2548fc01
2024-07-10 10:50:33 -HikariPool-2 - Start completed.
2024-07-10 10:50:33 -HikariPool-3 - Starting...
2024-07-10 10:50:34 -HikariPool-3 - Added connection com.mysql.cj.jdbc.ConnectionImpl@65d23aa3
2024-07-10 10:50:34 -HikariPool-3 - Start completed.
2024-07-10 10:50:34 -HikariPool-4 - Starting...
2024-07-10 10:50:34 -HikariPool-4 - Added connection com.mysql.cj.jdbc.ConnectionImpl@6d0a14c2
2024-07-10 10:50:34 -HikariPool-4 - Start completed.
2024-07-10 10:50:34 -Using Serializer -> [fst:net.oschina.j2cache.util.FSTSerializer]
2024-07-10 10:50:34 -Failed to read ehcache3.defaultHeapSize = null , use default 1000
2024-07-10 10:50:34 -Loading Ehcache XML configuration from /D:/geelato-community/geelato-web-quickstart/target/classes/ehcache3.xml.
2024-07-10 10:50:34 -Allocating 100.0MB in chunks
2024-07-10 10:50:35 -Cache 'default' created in EhcacheManager.
2024-07-10 10:50:35 -Using L1 CacheProvider : net.oschina.j2cache.ehcache.EhCacheProvider3
2024-07-10 10:50:35 -Redis client starts with mode(single),db(0),storage(generic),namespace(),time(13ms)
2024-07-10 10:50:35 -Using L2 CacheProvider : net.oschina.j2cache.redis.RedisCacheProvider
2024-07-10 10:50:35 -Connected to redis channel:j2cache, time 91 ms.
2024-07-10 10:50:35 -Using cluster policy : net.oschina.j2cache.redis.RedisPubSubClusterPolicy
2024-07-10 10:50:36 -GraalManager Instancing...
2024-07-10 10:50:36 -Cache with name 'cn.geelato.web.platform.m.security.service.ShiroDbRealm.authorizationCache.1' does not yet exist.  Creating now.
2024-07-10 10:50:36 -Added EhCache named [cn.geelato.web.platform.m.security.service.ShiroDbRealm.authorizationCache.1]
2024-07-10 10:50:38 -Starting ProtocolHandler ["http-nio-8080"]
2024-07-10 10:50:38 -Tomcat started on port(s): 8080 (http) with context path ''
2024-07-10 10:50:38 -Started QuickStartApplication in 9.589 seconds (process running for 10.355)
2024-07-10 10:50:38 -QuickStartApplication>run
2024-07-10 10:50:38 -[start args]：
2024-07-10 10:50:38 -[configuration file]：null
2024-07-10 10:50:38 -[start application]...start
2024-07-10 10:50:38 -[operate system]Windows 11
2024-07-10 10:50:38 -parse meta data in database...
2024-07-10 10:50:52 -开始从包cn.geelato中扫描到包含注解interface cn.geelato.core.graal.GraalService的实体......
2024-07-10 10:50:52 -开始从包cn.geelato中扫描到包含注解interface cn.geelato.core.graal.GraalVariable的实体......
2024-07-10 10:50:52 -EnvManager Instancing...
2024-07-10 10:50:52 -[start application]...finish
2024-07-10 10:51:13 -Initializing Spring DispatcherServlet 'dispatcherServlet'
2024-07-10 10:51:13 -Initializing Servlet 'dispatcherServlet'
2024-07-10 10:51:13 -Completed initialization in 1 ms
2024-07-10 10:51:13 -name:platform_user,sql:select id,name,city_code cityCode,creator_name creatorName,source,tenant_code tenantCode,type,org_id orgId,password,post,login_name loginName,en_name enName,mobile_prefix mobilePrefix,email,nation_code nationCode,bu_id buId,address,orgName,salt,delete_at deleteAt,province_code provinceCode,sex,dept_id deptId,telephone,avatar,cooperating_org_id cooperatingOrgId,mobile_phone mobilePhone,updater_name updaterName,enable_status enableStatus,job_number jobNumber,seq_no seqNo,description,del_status delStatus,create_at createAt,creator,update_at updateAt,updater from platform_user where login_name=?,params:[chenguangxing]
2024-07-10 10:51:13 -select * from platform_exception_log where tenant_code=? and id=?  and  creator='3751618121485025315' order by update_at desc limit 0,1000
2024-07-10 10:51:20 -name:platform_user,sql:select id,name,city_code cityCode,creator_name creatorName,source,tenant_code tenantCode,type,org_id orgId,password,post,login_name loginName,en_name enName,mobile_prefix mobilePrefix,email,nation_code nationCode,bu_id buId,address,orgName,salt,delete_at deleteAt,province_code provinceCode,sex,dept_id deptId,telephone,avatar,cooperating_org_id cooperatingOrgId,mobile_phone mobilePhone,updater_name updaterName,enable_status enableStatus,job_number jobNumber,seq_no seqNo,description,del_status delStatus,create_at createAt,creator,update_at updateAt,updater from platform_user where login_name=?,params:[chenguangxing]
2024-07-10 10:51:20 -select id,ship_route shipRoute,is_enabled isEnabled,shipping_company shippingCompany,port_of_loading portOfLoading,port_of_destination portOfDestination,project,port_of_discharge portOfDischarge,effective_date effectiveDate,expiration_date expirationDate,route_service routeService,cargo_name cargoName,contract_no contractNo,remark from il_ocean_freight where tenant_code=? and is_enabled=? and del_status=? and  ( shipping_company=? or expiration_date  between '2023-10-01' and '2023-11-01'  )  and  ( port_of_loading=? and expiration_date  between '2023-10-01' and '2023-11-02'  )   and  1=1 limit 0,15
2024-07-10 10:53:59 -HikariPool-1 - Shutdown initiated...
2024-07-10 10:53:59 -HikariPool-1 - Shutdown completed.
2024-07-10 10:54:06 -Starting QuickStartApplication using Java 19.0.2 with PID 9360 (D:\geelato-community\geelato-web-quickstart\target\classes started by 39139 in D:\geelato-community)
2024-07-10 10:54:06 -No active profile set, falling back to 1 default profile: "default"
2024-07-10 10:54:07 -Multiple Spring Data modules found, entering strict repository configuration mode
2024-07-10 10:54:07 -Bootstrapping Spring Data Redis repositories in DEFAULT mode.
2024-07-10 10:54:07 -Finished Spring Data repository scanning in 16 ms. Found 0 Redis repository interfaces.
2024-07-10 10:54:08 -Bean 'shiroConfiguration' of type [cn.geelato.web.platform.boot.ShiroConfiguration$$SpringCGLIB$$0] is not eligible for getting processed by all BeanPostProcessors (for example: not eligible for auto-proxying)
2024-07-10 10:54:08 -Using deprecated '-debug' fallback for parameter name resolution. Compile the affected code with '-parameters' instead or avoid its introspection: cn.geelato.web.platform.boot.ShiroConfiguration
2024-07-10 10:54:08 -Using deprecated '-debug' fallback for parameter name resolution. Compile the affected code with '-parameters' instead or avoid its introspection: cn.geelato.core.aop.MethodAOPConfig
2024-07-10 10:54:08 -Using deprecated '-debug' fallback for parameter name resolution. Compile the affected code with '-parameters' instead or avoid its introspection: cn.geelato.core.aop.MethodAOPConfig
2024-07-10 10:54:08 -Bean 'dataSourceConfiguration' of type [cn.geelato.web.platform.boot.DataSourceConfiguration$$SpringCGLIB$$0] is not eligible for getting processed by all BeanPostProcessors (for example: not eligible for auto-proxying)
2024-07-10 10:54:08 -Using deprecated '-debug' fallback for parameter name resolution. Compile the affected code with '-parameters' instead or avoid its introspection: cn.geelato.web.platform.boot.DataSourceConfiguration
2024-07-10 10:54:08 -Bean 'primaryDataSource' of type [com.zaxxer.hikari.HikariDataSource] is not eligible for getting processed by all BeanPostProcessors (for example: not eligible for auto-proxying)
2024-07-10 10:54:08 -Bean 'primaryJdbcTemplate' of type [org.springframework.jdbc.core.JdbcTemplate] is not eligible for getting processed by all BeanPostProcessors (for example: not eligible for auto-proxying)
2024-07-10 10:54:08 -MetaManager Instancing...
2024-07-10 10:54:08 -parse meta from class :cn.geelato.core.meta.model.field.ColumnMeta
2024-07-10 10:54:08 -parse meta from class :cn.geelato.core.meta.model.entity.TableMeta
2024-07-10 10:54:08 -SqlManager Instancing...
2024-07-10 10:54:08 -Bean 'primaryDao' of type [cn.geelato.core.orm.Dao] is not eligible for getting processed by all BeanPostProcessors (for example: not eligible for auto-proxying)
2024-07-10 10:54:08 -Bean 'shiroDbRealm' of type [cn.geelato.web.platform.m.security.service.ShiroDbRealm] is not eligible for getting processed by all BeanPostProcessors (for example: not eligible for auto-proxying)
2024-07-10 10:54:08 -Cache 'null' is set to eternal but also has TTI/TTL set.  To avoid this warning, clean up the config removing conflicting values of eternal, TTI and TTL. Effective configuration for Cache 'null' will be eternal='true', timeToIdleSeconds='0', timeToLiveSeconds='0'.
2024-07-10 10:54:08 -Bean 'getEhCacheManager' of type [org.apache.shiro.cache.ehcache.EhCacheManager] is not eligible for getting processed by all BeanPostProcessors (for example: not eligible for auto-proxying)
2024-07-10 10:54:08 -Cache with name 'cn.geelato.web.platform.m.security.service.ShiroDbRealm.authorizationCache' does not yet exist.  Creating now.
2024-07-10 10:54:08 -Added EhCache named [cn.geelato.web.platform.m.security.service.ShiroDbRealm.authorizationCache]
2024-07-10 10:54:08 -Bean 'securityManager' of type [org.apache.shiro.web.mgt.DefaultWebSecurityManager] is not eligible for getting processed by all BeanPostProcessors (for example: not eligible for auto-proxying)
2024-07-10 10:54:08 -Bean 'getAuthorizationAttributeSourceAdvisor' of type [org.apache.shiro.spring.security.interceptor.AuthorizationAttributeSourceAdvisor] is not eligible for getting processed by all BeanPostProcessors (for example: not eligible for auto-proxying)
2024-07-10 10:54:09 -Tomcat initialized with port(s): 8080 (http)
2024-07-10 10:54:09 -Initializing ProtocolHandler ["http-nio-8080"]
2024-07-10 10:54:09 -Starting service [Tomcat]
2024-07-10 10:54:09 -Starting Servlet engine: [Apache Tomcat/10.1.1]
2024-07-10 10:54:09 -Initializing Spring embedded WebApplicationContext
2024-07-10 10:54:09 -Root WebApplicationContext: initialization completed in 3015 ms
2024-07-10 10:54:09 -DataSourceManager Instancing...
2024-07-10 10:54:09 -DataSourceManager Instancing...
2024-07-10 10:54:09 -HikariPool-1 - Starting...
2024-07-10 10:54:10 -HikariPool-1 - Added connection com.mysql.cj.jdbc.ConnectionImpl@545604a9
2024-07-10 10:54:10 -HikariPool-1 - Start completed.
2024-07-10 10:54:10 -HikariPool-2 - Starting...
2024-07-10 10:54:10 -HikariPool-2 - Added connection com.mysql.cj.jdbc.ConnectionImpl@fde487b
2024-07-10 10:54:10 -HikariPool-2 - Start completed.
2024-07-10 10:54:10 -HikariPool-3 - Starting...
2024-07-10 10:54:10 -HikariPool-3 - Added connection com.mysql.cj.jdbc.ConnectionImpl@31b6fb14
2024-07-10 10:54:10 -HikariPool-3 - Start completed.
2024-07-10 10:54:10 -HikariPool-4 - Starting...
2024-07-10 10:54:11 -HikariPool-4 - Added connection com.mysql.cj.jdbc.ConnectionImpl@56881196
2024-07-10 10:54:11 -HikariPool-4 - Start completed.
2024-07-10 10:54:11 -Using Serializer -> [fst:net.oschina.j2cache.util.FSTSerializer]
2024-07-10 10:54:11 -Failed to read ehcache3.defaultHeapSize = null , use default 1000
2024-07-10 10:54:11 -Loading Ehcache XML configuration from /D:/geelato-community/geelato-web-quickstart/target/classes/ehcache3.xml.
2024-07-10 10:54:11 -Allocating 100.0MB in chunks
2024-07-10 10:54:11 -Cache 'default' created in EhcacheManager.
2024-07-10 10:54:11 -Using L1 CacheProvider : net.oschina.j2cache.ehcache.EhCacheProvider3
2024-07-10 10:54:11 -Redis client starts with mode(single),db(0),storage(generic),namespace(),time(11ms)
2024-07-10 10:54:11 -Using L2 CacheProvider : net.oschina.j2cache.redis.RedisCacheProvider
2024-07-10 10:54:11 -Connected to redis channel:j2cache, time 80 ms.
2024-07-10 10:54:11 -Using cluster policy : net.oschina.j2cache.redis.RedisPubSubClusterPolicy
2024-07-10 10:54:12 -GraalManager Instancing...
2024-07-10 10:54:12 -Cache with name 'cn.geelato.web.platform.m.security.service.ShiroDbRealm.authorizationCache.1' does not yet exist.  Creating now.
2024-07-10 10:54:12 -Added EhCache named [cn.geelato.web.platform.m.security.service.ShiroDbRealm.authorizationCache.1]
2024-07-10 10:54:14 -Starting ProtocolHandler ["http-nio-8080"]
2024-07-10 10:54:14 -Tomcat started on port(s): 8080 (http) with context path ''
2024-07-10 10:54:14 -Started QuickStartApplication in 9.378 seconds (process running for 10.478)
2024-07-10 10:54:14 -QuickStartApplication>run
2024-07-10 10:54:14 -[start args]：
2024-07-10 10:54:14 -[configuration file]：null
2024-07-10 10:54:14 -[start application]...start
2024-07-10 10:54:14 -[operate system]Windows 11
2024-07-10 10:54:15 -parse meta from class :cn.geelato.web.platform.m.base.entity.App
2024-07-10 10:54:15 -parse meta from class :cn.geelato.web.platform.m.base.entity.AppConnectMap
2024-07-10 10:54:15 -parse meta from class :cn.geelato.web.platform.m.base.entity.AppPage
2024-07-10 10:54:15 -parse meta from class :cn.geelato.web.platform.m.base.entity.AppTableMap
2024-07-10 10:54:15 -parse meta from class :cn.geelato.web.platform.m.base.entity.AppViewMap
2024-07-10 10:54:15 -parse meta from class :cn.geelato.web.platform.m.base.entity.Attach
2024-07-10 10:54:15 -parse meta from class :cn.geelato.web.platform.m.base.entity.CacheItemMeta
2024-07-10 10:54:15 -parse meta from class :cn.geelato.web.platform.m.base.entity.Dict
2024-07-10 10:54:15 -parse meta from class :cn.geelato.web.platform.m.base.entity.DictItem
2024-07-10 10:54:15 -parse meta from class :cn.geelato.web.platform.m.base.entity.FileInfo
2024-07-10 10:54:15 -parse meta from class :cn.geelato.web.platform.m.base.entity.Resources
2024-07-10 10:54:15 -parse meta from class :cn.geelato.web.platform.m.base.entity.SysConfig
2024-07-10 10:54:15 -parse meta from class :cn.geelato.web.platform.m.base.entity.TreeNode
2024-07-10 10:54:15 -parse meta from class :cn.geelato.web.platform.m.designer.entity.AppSegmentTemplate
2024-07-10 10:54:15 -parse meta from class :cn.geelato.web.platform.m.designer.entity.ComponentMeta
2024-07-10 10:54:15 -parse meta from class :cn.geelato.web.platform.m.excel.entity.ExportTemplate
2024-07-10 10:54:15 -parse meta from class :cn.geelato.web.platform.m.security.entity.Encoding
2024-07-10 10:54:15 -parse meta from class :cn.geelato.web.platform.m.security.entity.EncodingLog
2024-07-10 10:54:15 -parse meta from class :cn.geelato.web.platform.m.security.entity.Org
2024-07-10 10:54:15 -parse meta from class :cn.geelato.web.platform.m.security.entity.OrgUserMap
2024-07-10 10:54:15 -parse meta from class :cn.geelato.web.platform.m.security.entity.Permission
2024-07-10 10:54:15 -parse meta from class :cn.geelato.web.platform.m.security.entity.Role
2024-07-10 10:54:15 -parse meta from class :cn.geelato.web.platform.m.security.entity.RoleAppMap
2024-07-10 10:54:15 -parse meta from class :cn.geelato.web.platform.m.security.entity.RolePermissionMap
2024-07-10 10:54:15 -parse meta from class :cn.geelato.web.platform.m.security.entity.RoleTreeNodeMap
2024-07-10 10:54:15 -parse meta from class :cn.geelato.web.platform.m.security.entity.RoleUserMap
2024-07-10 10:54:15 -parse meta from class :cn.geelato.web.platform.m.security.entity.User
2024-07-10 10:54:15 -parse meta from class :cn.geelato.web.platform.m.settings.entity.Area
2024-07-10 10:54:15 -parse meta from class :cn.geelato.web.platform.m.settings.entity.MenuItem
2024-07-10 10:54:15 -parse meta from class :cn.geelato.web.platform.m.settings.entity.Message
2024-07-10 10:54:15 -parse meta from class :cn.geelato.web.platform.script.entty.Api
2024-07-10 10:54:15 -parse meta from class :cn.geelato.core.meta.model.connect.ConnectMeta
2024-07-10 10:54:15 -parse meta from class :cn.geelato.core.meta.model.entity.DemoEntity
2024-07-10 10:54:15 -parse meta from class :cn.geelato.core.meta.model.entity.DemoSubEntity
2024-07-10 10:54:15 -parse meta from class :cn.geelato.core.meta.model.entity.TableForeign
2024-07-10 10:54:15 -parse meta from class :cn.geelato.core.meta.model.entity.TableMeta
2024-07-10 10:54:15 -parse meta from class :cn.geelato.core.meta.model.field.ColumnMeta
2024-07-10 10:54:15 -parse meta from class :cn.geelato.core.meta.model.view.TableView
2024-07-10 10:54:15 -parse meta data in database...
2024-07-10 10:54:28 -开始从包cn.geelato中扫描到包含注解interface cn.geelato.core.graal.GraalService的实体......
2024-07-10 10:54:29 -开始从包cn.geelato中扫描到包含注解interface cn.geelato.core.graal.GraalVariable的实体......
2024-07-10 10:54:29 -EnvManager Instancing...
2024-07-10 10:54:29 -[start application]...finish
2024-07-10 10:54:40 -HikariPool-1 - Shutdown initiated...
2024-07-10 10:54:40 -HikariPool-1 - Shutdown completed.
2024-07-10 10:55:01 -Starting QuickStartApplication using Java 19.0.2 with PID 37052 (D:\geelato-community\geelato-web-quickstart\target\classes started by 39139 in D:\geelato-community)
2024-07-10 10:55:01 -No active profile set, falling back to 1 default profile: "default"
2024-07-10 10:55:02 -Multiple Spring Data modules found, entering strict repository configuration mode
2024-07-10 10:55:02 -Bootstrapping Spring Data Redis repositories in DEFAULT mode.
2024-07-10 10:55:02 -Finished Spring Data repository scanning in 18 ms. Found 0 Redis repository interfaces.
2024-07-10 10:55:03 -Bean 'shiroConfiguration' of type [cn.geelato.web.platform.boot.ShiroConfiguration$$SpringCGLIB$$0] is not eligible for getting processed by all BeanPostProcessors (for example: not eligible for auto-proxying)
2024-07-10 10:55:03 -Using deprecated '-debug' fallback for parameter name resolution. Compile the affected code with '-parameters' instead or avoid its introspection: cn.geelato.web.platform.boot.ShiroConfiguration
2024-07-10 10:55:03 -Using deprecated '-debug' fallback for parameter name resolution. Compile the affected code with '-parameters' instead or avoid its introspection: cn.geelato.core.aop.MethodAOPConfig
2024-07-10 10:55:03 -Using deprecated '-debug' fallback for parameter name resolution. Compile the affected code with '-parameters' instead or avoid its introspection: cn.geelato.core.aop.MethodAOPConfig
2024-07-10 10:55:03 -Bean 'dataSourceConfiguration' of type [cn.geelato.web.platform.boot.DataSourceConfiguration$$SpringCGLIB$$0] is not eligible for getting processed by all BeanPostProcessors (for example: not eligible for auto-proxying)
2024-07-10 10:55:03 -Using deprecated '-debug' fallback for parameter name resolution. Compile the affected code with '-parameters' instead or avoid its introspection: cn.geelato.web.platform.boot.DataSourceConfiguration
2024-07-10 10:55:03 -Bean 'primaryDataSource' of type [com.zaxxer.hikari.HikariDataSource] is not eligible for getting processed by all BeanPostProcessors (for example: not eligible for auto-proxying)
2024-07-10 10:55:03 -Bean 'primaryJdbcTemplate' of type [org.springframework.jdbc.core.JdbcTemplate] is not eligible for getting processed by all BeanPostProcessors (for example: not eligible for auto-proxying)
2024-07-10 10:55:03 -MetaManager Instancing...
2024-07-10 10:55:03 -parse meta from class :cn.geelato.core.meta.model.field.ColumnMeta
2024-07-10 10:55:03 -parse meta from class :cn.geelato.core.meta.model.entity.TableMeta
2024-07-10 10:55:03 -SqlManager Instancing...
2024-07-10 10:55:03 -Bean 'primaryDao' of type [cn.geelato.core.orm.Dao] is not eligible for getting processed by all BeanPostProcessors (for example: not eligible for auto-proxying)
2024-07-10 10:55:03 -Bean 'shiroDbRealm' of type [cn.geelato.web.platform.m.security.service.ShiroDbRealm] is not eligible for getting processed by all BeanPostProcessors (for example: not eligible for auto-proxying)
2024-07-10 10:55:03 -Cache 'null' is set to eternal but also has TTI/TTL set.  To avoid this warning, clean up the config removing conflicting values of eternal, TTI and TTL. Effective configuration for Cache 'null' will be eternal='true', timeToIdleSeconds='0', timeToLiveSeconds='0'.
2024-07-10 10:55:04 -Bean 'getEhCacheManager' of type [org.apache.shiro.cache.ehcache.EhCacheManager] is not eligible for getting processed by all BeanPostProcessors (for example: not eligible for auto-proxying)
2024-07-10 10:55:04 -Cache with name 'cn.geelato.web.platform.m.security.service.ShiroDbRealm.authorizationCache' does not yet exist.  Creating now.
2024-07-10 10:55:04 -Added EhCache named [cn.geelato.web.platform.m.security.service.ShiroDbRealm.authorizationCache]
2024-07-10 10:55:04 -Bean 'securityManager' of type [org.apache.shiro.web.mgt.DefaultWebSecurityManager] is not eligible for getting processed by all BeanPostProcessors (for example: not eligible for auto-proxying)
2024-07-10 10:55:04 -Bean 'getAuthorizationAttributeSourceAdvisor' of type [org.apache.shiro.spring.security.interceptor.AuthorizationAttributeSourceAdvisor] is not eligible for getting processed by all BeanPostProcessors (for example: not eligible for auto-proxying)
2024-07-10 10:55:04 -Tomcat initialized with port(s): 8080 (http)
2024-07-10 10:55:04 -Initializing ProtocolHandler ["http-nio-8080"]
2024-07-10 10:55:04 -Starting service [Tomcat]
2024-07-10 10:55:04 -Starting Servlet engine: [Apache Tomcat/10.1.1]
2024-07-10 10:55:04 -Initializing Spring embedded WebApplicationContext
2024-07-10 10:55:04 -Root WebApplicationContext: initialization completed in 3468 ms
2024-07-10 10:55:04 -DataSourceManager Instancing...
2024-07-10 10:55:17 -parse meta from class :cn.geelato.web.platform.m.base.entity.App
2024-07-10 10:55:17 -parse meta from class :cn.geelato.web.platform.m.base.entity.AppConnectMap
2024-07-10 10:55:18 -parse meta from class :cn.geelato.web.platform.m.base.entity.AppPage
2024-07-10 10:55:18 -parse meta from class :cn.geelato.web.platform.m.base.entity.AppTableMap
2024-07-10 10:55:18 -parse meta from class :cn.geelato.web.platform.m.base.entity.AppViewMap
2024-07-10 10:55:18 -parse meta from class :cn.geelato.web.platform.m.base.entity.Attach
2024-07-10 10:55:18 -parse meta from class :cn.geelato.web.platform.m.base.entity.CacheItemMeta
2024-07-10 10:55:18 -parse meta from class :cn.geelato.web.platform.m.base.entity.Dict
2024-07-10 10:55:18 -parse meta from class :cn.geelato.web.platform.m.base.entity.DictItem
2024-07-10 10:55:18 -parse meta from class :cn.geelato.web.platform.m.base.entity.FileInfo
2024-07-10 10:55:18 -parse meta from class :cn.geelato.web.platform.m.base.entity.Resources
2024-07-10 10:55:18 -parse meta from class :cn.geelato.web.platform.m.base.entity.SysConfig
2024-07-10 10:55:18 -parse meta from class :cn.geelato.web.platform.m.base.entity.TreeNode
2024-07-10 10:55:19 -parse meta from class :cn.geelato.web.platform.m.designer.entity.AppSegmentTemplate
2024-07-10 10:55:19 -parse meta from class :cn.geelato.web.platform.m.designer.entity.ComponentMeta
2024-07-10 10:55:19 -parse meta from class :cn.geelato.web.platform.m.excel.entity.ExportTemplate
2024-07-10 10:55:19 -parse meta from class :cn.geelato.web.platform.m.security.entity.Encoding
2024-07-10 10:55:19 -parse meta from class :cn.geelato.web.platform.m.security.entity.EncodingLog
2024-07-10 10:55:19 -parse meta from class :cn.geelato.web.platform.m.security.entity.Org
2024-07-10 10:55:19 -parse meta from class :cn.geelato.web.platform.m.security.entity.OrgUserMap
2024-07-10 10:55:19 -parse meta from class :cn.geelato.web.platform.m.security.entity.Permission
2024-07-10 10:55:19 -parse meta from class :cn.geelato.web.platform.m.security.entity.Role
2024-07-10 10:55:19 -parse meta from class :cn.geelato.web.platform.m.security.entity.RoleAppMap
2024-07-10 10:55:19 -parse meta from class :cn.geelato.web.platform.m.security.entity.RolePermissionMap
2024-07-10 10:55:20 -parse meta from class :cn.geelato.web.platform.m.security.entity.RoleTreeNodeMap
2024-07-10 10:55:20 -parse meta from class :cn.geelato.web.platform.m.security.entity.RoleUserMap
2024-07-10 10:55:20 -parse meta from class :cn.geelato.web.platform.m.security.entity.User
2024-07-10 10:55:20 -parse meta from class :cn.geelato.web.platform.m.settings.entity.Area
2024-07-10 10:55:20 -parse meta from class :cn.geelato.web.platform.m.settings.entity.MenuItem
2024-07-10 10:55:20 -parse meta from class :cn.geelato.web.platform.m.settings.entity.Message
2024-07-10 10:55:20 -parse meta from class :cn.geelato.web.platform.script.entty.Api
2024-07-10 10:55:20 -parse meta from class :cn.geelato.core.meta.model.connect.ConnectMeta
2024-07-10 10:55:20 -parse meta from class :cn.geelato.core.meta.model.entity.DemoEntity
2024-07-10 10:55:20 -parse meta from class :cn.geelato.core.meta.model.entity.DemoSubEntity
2024-07-10 10:55:20 -parse meta from class :cn.geelato.core.meta.model.entity.TableForeign
2024-07-10 10:55:20 -parse meta from class :cn.geelato.core.meta.model.entity.TableMeta
2024-07-10 10:55:20 -parse meta from class :cn.geelato.core.meta.model.field.ColumnMeta
2024-07-10 10:55:20 -parse meta from class :cn.geelato.core.meta.model.view.TableView
2024-07-10 10:55:29 -DataSourceManager Instancing...
2024-07-10 10:55:29 -HikariPool-1 - Starting...
2024-07-10 10:55:30 -HikariPool-1 - Added connection com.mysql.cj.jdbc.ConnectionImpl@2a531637
2024-07-10 10:55:30 -HikariPool-1 - Start completed.
2024-07-10 10:55:30 -HikariPool-2 - Starting...
2024-07-10 10:55:30 -HikariPool-2 - Added connection com.mysql.cj.jdbc.ConnectionImpl@5615f82d
2024-07-10 10:55:30 -HikariPool-2 - Start completed.
2024-07-10 10:55:30 -HikariPool-3 - Starting...
2024-07-10 10:55:30 -HikariPool-3 - Added connection com.mysql.cj.jdbc.ConnectionImpl@3a988299
2024-07-10 10:55:30 -HikariPool-3 - Start completed.
2024-07-10 10:55:30 -HikariPool-4 - Starting...
2024-07-10 10:55:30 -HikariPool-4 - Added connection com.mysql.cj.jdbc.ConnectionImpl@31433df9
2024-07-10 10:55:30 -HikariPool-4 - Start completed.
2024-07-10 10:55:31 -Using Serializer -> [fst:net.oschina.j2cache.util.FSTSerializer]
2024-07-10 10:55:31 -Failed to read ehcache3.defaultHeapSize = null , use default 1000
2024-07-10 10:55:31 -Loading Ehcache XML configuration from /D:/geelato-community/geelato-web-quickstart/target/classes/ehcache3.xml.
2024-07-10 10:55:31 -Allocating 100.0MB in chunks
2024-07-10 10:55:31 -Cache 'default' created in EhcacheManager.
2024-07-10 10:55:31 -Using L1 CacheProvider : net.oschina.j2cache.ehcache.EhCacheProvider3
2024-07-10 10:55:31 -Redis client starts with mode(single),db(0),storage(generic),namespace(),time(15ms)
2024-07-10 10:55:31 -Using L2 CacheProvider : net.oschina.j2cache.redis.RedisCacheProvider
2024-07-10 10:55:31 -Connected to redis channel:j2cache, time 104 ms.
2024-07-10 10:55:31 -Using cluster policy : net.oschina.j2cache.redis.RedisPubSubClusterPolicy
2024-07-10 10:55:32 -GraalManager Instancing...
2024-07-10 10:55:32 -Cache with name 'cn.geelato.web.platform.m.security.service.ShiroDbRealm.authorizationCache.1' does not yet exist.  Creating now.
2024-07-10 10:55:32 -Added EhCache named [cn.geelato.web.platform.m.security.service.ShiroDbRealm.authorizationCache.1]
2024-07-10 10:55:34 -Tomcat started on port(s): 8080 (http) with context path ''
2024-07-10 10:55:34 -Started QuickStartApplication in 34.356 seconds (process running for 35.666)
2024-07-10 10:55:34 -QuickStartApplication>run
2024-07-10 10:55:34 -[start args]：
2024-07-10 10:55:34 -[configuration file]：null
2024-07-10 10:55:34 -[start application]...start
2024-07-10 10:55:34 -[operate system]Windows 11
2024-07-10 10:55:34 -parse meta data in database...
2024-07-10 10:55:34 -HikariPool-1 - Shutdown initiated...
2024-07-10 10:55:34 -HikariPool-1 - Shutdown completed.
2024-07-10 10:55:39 -Starting QuickStartApplication using Java 19.0.2 with PID 22412 (D:\geelato-community\geelato-web-quickstart\target\classes started by 39139 in D:\geelato-community)
2024-07-10 10:55:39 -No active profile set, falling back to 1 default profile: "default"
2024-07-10 10:55:41 -Multiple Spring Data modules found, entering strict repository configuration mode
2024-07-10 10:55:41 -Bootstrapping Spring Data Redis repositories in DEFAULT mode.
2024-07-10 10:55:41 -Finished Spring Data repository scanning in 28 ms. Found 0 Redis repository interfaces.
2024-07-10 10:55:41 -Bean 'shiroConfiguration' of type [cn.geelato.web.platform.boot.ShiroConfiguration$$SpringCGLIB$$0] is not eligible for getting processed by all BeanPostProcessors (for example: not eligible for auto-proxying)
2024-07-10 10:55:41 -Using deprecated '-debug' fallback for parameter name resolution. Compile the affected code with '-parameters' instead or avoid its introspection: cn.geelato.web.platform.boot.ShiroConfiguration
2024-07-10 10:55:41 -Using deprecated '-debug' fallback for parameter name resolution. Compile the affected code with '-parameters' instead or avoid its introspection: cn.geelato.core.aop.MethodAOPConfig
2024-07-10 10:55:41 -Using deprecated '-debug' fallback for parameter name resolution. Compile the affected code with '-parameters' instead or avoid its introspection: cn.geelato.core.aop.MethodAOPConfig
2024-07-10 10:55:41 -Bean 'dataSourceConfiguration' of type [cn.geelato.web.platform.boot.DataSourceConfiguration$$SpringCGLIB$$0] is not eligible for getting processed by all BeanPostProcessors (for example: not eligible for auto-proxying)
2024-07-10 10:55:42 -Using deprecated '-debug' fallback for parameter name resolution. Compile the affected code with '-parameters' instead or avoid its introspection: cn.geelato.web.platform.boot.DataSourceConfiguration
2024-07-10 10:55:42 -Bean 'primaryDataSource' of type [com.zaxxer.hikari.HikariDataSource] is not eligible for getting processed by all BeanPostProcessors (for example: not eligible for auto-proxying)
2024-07-10 10:55:42 -Bean 'primaryJdbcTemplate' of type [org.springframework.jdbc.core.JdbcTemplate] is not eligible for getting processed by all BeanPostProcessors (for example: not eligible for auto-proxying)
2024-07-10 10:55:42 -MetaManager Instancing...
2024-07-10 10:55:42 -parse meta from class :cn.geelato.core.meta.model.field.ColumnMeta
2024-07-10 10:55:42 -parse meta from class :cn.geelato.core.meta.model.entity.TableMeta
2024-07-10 10:55:42 -SqlManager Instancing...
2024-07-10 10:55:42 -Bean 'primaryDao' of type [cn.geelato.core.orm.Dao] is not eligible for getting processed by all BeanPostProcessors (for example: not eligible for auto-proxying)
2024-07-10 10:55:42 -Bean 'shiroDbRealm' of type [cn.geelato.web.platform.m.security.service.ShiroDbRealm] is not eligible for getting processed by all BeanPostProcessors (for example: not eligible for auto-proxying)
2024-07-10 10:55:42 -Cache 'null' is set to eternal but also has TTI/TTL set.  To avoid this warning, clean up the config removing conflicting values of eternal, TTI and TTL. Effective configuration for Cache 'null' will be eternal='true', timeToIdleSeconds='0', timeToLiveSeconds='0'.
2024-07-10 10:55:42 -Bean 'getEhCacheManager' of type [org.apache.shiro.cache.ehcache.EhCacheManager] is not eligible for getting processed by all BeanPostProcessors (for example: not eligible for auto-proxying)
2024-07-10 10:55:42 -Cache with name 'cn.geelato.web.platform.m.security.service.ShiroDbRealm.authorizationCache' does not yet exist.  Creating now.
2024-07-10 10:55:42 -Added EhCache named [cn.geelato.web.platform.m.security.service.ShiroDbRealm.authorizationCache]
2024-07-10 10:55:42 -Bean 'securityManager' of type [org.apache.shiro.web.mgt.DefaultWebSecurityManager] is not eligible for getting processed by all BeanPostProcessors (for example: not eligible for auto-proxying)
2024-07-10 10:55:42 -Bean 'getAuthorizationAttributeSourceAdvisor' of type [org.apache.shiro.spring.security.interceptor.AuthorizationAttributeSourceAdvisor] is not eligible for getting processed by all BeanPostProcessors (for example: not eligible for auto-proxying)
2024-07-10 10:55:42 -Tomcat initialized with port(s): 8080 (http)
2024-07-10 10:55:43 -Initializing ProtocolHandler ["http-nio-8080"]
2024-07-10 10:55:43 -Starting service [Tomcat]
2024-07-10 10:55:43 -Starting Servlet engine: [Apache Tomcat/10.1.1]
2024-07-10 10:55:43 -Initializing Spring embedded WebApplicationContext
2024-07-10 10:55:43 -Root WebApplicationContext: initialization completed in 3284 ms
2024-07-10 10:55:43 -DataSourceManager Instancing...
2024-07-10 10:55:51 -parse meta from class :cn.geelato.web.platform.m.base.entity.App
2024-07-10 10:55:51 -parse meta from class :cn.geelato.web.platform.m.base.entity.AppConnectMap
2024-07-10 10:55:51 -parse meta from class :cn.geelato.web.platform.m.base.entity.AppPage
2024-07-10 10:55:51 -parse meta from class :cn.geelato.web.platform.m.base.entity.AppTableMap
2024-07-10 10:55:52 -parse meta from class :cn.geelato.web.platform.m.base.entity.AppViewMap
2024-07-10 10:55:52 -parse meta from class :cn.geelato.web.platform.m.base.entity.Attach
2024-07-10 10:55:52 -parse meta from class :cn.geelato.web.platform.m.base.entity.CacheItemMeta
2024-07-10 10:55:52 -parse meta from class :cn.geelato.web.platform.m.base.entity.Dict
2024-07-10 10:55:52 -parse meta from class :cn.geelato.web.platform.m.base.entity.DictItem
2024-07-10 10:55:52 -parse meta from class :cn.geelato.web.platform.m.base.entity.FileInfo
2024-07-10 10:55:52 -parse meta from class :cn.geelato.web.platform.m.base.entity.Resources
2024-07-10 10:55:52 -parse meta from class :cn.geelato.web.platform.m.base.entity.SysConfig
2024-07-10 10:55:52 -parse meta from class :cn.geelato.web.platform.m.base.entity.TreeNode
2024-07-10 10:55:52 -parse meta from class :cn.geelato.web.platform.m.designer.entity.AppSegmentTemplate
2024-07-10 10:55:52 -parse meta from class :cn.geelato.web.platform.m.designer.entity.ComponentMeta
2024-07-10 10:55:52 -parse meta from class :cn.geelato.web.platform.m.excel.entity.ExportTemplate
2024-07-10 10:55:52 -parse meta from class :cn.geelato.web.platform.m.security.entity.Encoding
2024-07-10 10:55:52 -parse meta from class :cn.geelato.web.platform.m.security.entity.EncodingLog
2024-07-10 10:55:52 -parse meta from class :cn.geelato.web.platform.m.security.entity.Org
2024-07-10 10:55:52 -parse meta from class :cn.geelato.web.platform.m.security.entity.OrgUserMap
2024-07-10 10:55:52 -parse meta from class :cn.geelato.web.platform.m.security.entity.Permission
2024-07-10 10:55:52 -parse meta from class :cn.geelato.web.platform.m.security.entity.Role
2024-07-10 10:55:52 -parse meta from class :cn.geelato.web.platform.m.security.entity.RoleAppMap
2024-07-10 10:55:52 -parse meta from class :cn.geelato.web.platform.m.security.entity.RolePermissionMap
2024-07-10 10:55:52 -parse meta from class :cn.geelato.web.platform.m.security.entity.RoleTreeNodeMap
2024-07-10 10:55:52 -parse meta from class :cn.geelato.web.platform.m.security.entity.RoleUserMap
2024-07-10 10:55:52 -parse meta from class :cn.geelato.web.platform.m.security.entity.User
2024-07-10 10:55:52 -parse meta from class :cn.geelato.web.platform.m.settings.entity.Area
2024-07-10 10:55:52 -parse meta from class :cn.geelato.web.platform.m.settings.entity.MenuItem
2024-07-10 10:55:52 -parse meta from class :cn.geelato.web.platform.m.settings.entity.Message
2024-07-10 10:55:52 -parse meta from class :cn.geelato.web.platform.script.entty.Api
2024-07-10 10:55:52 -parse meta from class :cn.geelato.core.meta.model.connect.ConnectMeta
2024-07-10 10:55:52 -parse meta from class :cn.geelato.core.meta.model.entity.DemoEntity
2024-07-10 10:55:52 -parse meta from class :cn.geelato.core.meta.model.entity.DemoSubEntity
2024-07-10 10:55:52 -parse meta from class :cn.geelato.core.meta.model.entity.TableForeign
2024-07-10 10:55:52 -parse meta from class :cn.geelato.core.meta.model.entity.TableMeta
2024-07-10 10:55:52 -parse meta from class :cn.geelato.core.meta.model.field.ColumnMeta
2024-07-10 10:55:52 -parse meta from class :cn.geelato.core.meta.model.view.TableView
2024-07-10 10:56:00 -DataSourceManager Instancing...
2024-07-10 10:56:00 -HikariPool-1 - Starting...
2024-07-10 10:56:00 -HikariPool-1 - Added connection com.mysql.cj.jdbc.ConnectionImpl@2548fc01
2024-07-10 10:56:00 -HikariPool-1 - Start completed.
2024-07-10 10:56:00 -HikariPool-2 - Starting...
2024-07-10 10:56:01 -HikariPool-2 - Added connection com.mysql.cj.jdbc.ConnectionImpl@335972a5
2024-07-10 10:56:01 -HikariPool-2 - Start completed.
2024-07-10 10:56:01 -HikariPool-3 - Starting...
2024-07-10 10:56:01 -HikariPool-3 - Added connection com.mysql.cj.jdbc.ConnectionImpl@6b289535
2024-07-10 10:56:01 -HikariPool-3 - Start completed.
2024-07-10 10:56:01 -HikariPool-4 - Starting...
2024-07-10 10:56:01 -HikariPool-4 - Added connection com.mysql.cj.jdbc.ConnectionImpl@77476fcf
2024-07-10 10:56:01 -HikariPool-4 - Start completed.
2024-07-10 10:56:01 -Using Serializer -> [fst:net.oschina.j2cache.util.FSTSerializer]
2024-07-10 10:56:01 -Failed to read ehcache3.defaultHeapSize = null , use default 1000
2024-07-10 10:56:01 -Loading Ehcache XML configuration from /D:/geelato-community/geelato-web-quickstart/target/classes/ehcache3.xml.
2024-07-10 10:56:02 -Allocating 100.0MB in chunks
2024-07-10 10:56:02 -Cache 'default' created in EhcacheManager.
2024-07-10 10:56:02 -Using L1 CacheProvider : net.oschina.j2cache.ehcache.EhCacheProvider3
2024-07-10 10:56:02 -Redis client starts with mode(single),db(0),storage(generic),namespace(),time(12ms)
2024-07-10 10:56:02 -Using L2 CacheProvider : net.oschina.j2cache.redis.RedisCacheProvider
2024-07-10 10:56:02 -Connected to redis channel:j2cache, time 90 ms.
2024-07-10 10:56:02 -Using cluster policy : net.oschina.j2cache.redis.RedisPubSubClusterPolicy
2024-07-10 10:56:03 -GraalManager Instancing...
2024-07-10 10:56:03 -Cache with name 'cn.geelato.web.platform.m.security.service.ShiroDbRealm.authorizationCache.1' does not yet exist.  Creating now.
2024-07-10 10:56:03 -Added EhCache named [cn.geelato.web.platform.m.security.service.ShiroDbRealm.authorizationCache.1]
2024-07-10 10:56:05 -Tomcat started on port(s): 8080 (http) with context path ''
2024-07-10 10:56:05 -Started QuickStartApplication in 26.419 seconds (process running for 27.972)
2024-07-10 10:56:05 -QuickStartApplication>run
2024-07-10 10:56:05 -[start args]：
2024-07-10 10:56:05 -[configuration file]：null
2024-07-10 10:56:05 -[start application]...start
2024-07-10 10:56:05 -[operate system]Windows 11
2024-07-10 10:56:05 -parse meta data in database...
2024-07-10 10:56:05 -HikariPool-1 - Shutdown initiated...
2024-07-10 10:56:05 -HikariPool-1 - Shutdown completed.
